<?xml version="1.0" encoding="UTF-8"?>
<!-- Generated by org.testng.reporters.JUnitReportReporter -->
<testsuite skipped="0" hostname="Admin-PC" name="com.mes.test.smoke.TestSample" tests="1" failures="0" timestamp="16 Feb 2019 16:22:45 GMT" time="129.681" errors="0">
  <testcase name="test_sample" time="129.681" classname="com.mes.test.smoke.TestSample"/>
</testsuite> <!-- com.mes.test.smoke.TestSample -->
